<?xml version="1.0" encoding="UTF-8"?>
<testsuite name="CUTest" tests="9" skipped="0" failures="0" errors="0" timestamp="2024-10-22T17:46:37" hostname="DESKTOP-E426C8P" time="0.139">
  <properties/>
  <testcase name="testAverageCU()" classname="CUTest" time="0.02"/>
  <testcase name="[1] 1, 15.0, true" classname="CUTest" time="0.028"/>
  <testcase name="[2] 2, 10.0, true" classname="CUTest" time="0.001"/>
  <testcase name="[3] 3, 8.0, false" classname="CUTest" time="0.003"/>
  <testcase name="[1] 1, 15.0" classname="CUTest" time="0.008"/>
  <testcase name="[2] 2, 10.0" classname="CUTest" time="0.002"/>
  <testcase name="[3] 3, 8.0" classname="CUTest" time="0.002"/>
  <testcase name="testInsertMarkCU()" classname="CUTest" time="0.003"/>
  <testcase name="testSearchNonExistingStudent()" classname="CUTest" time="0.002"/>
  <system-out><![CDATA[]]></system-out>
  <system-err><![CDATA[]]></system-err>
</testsuite>
